Build started 9/5/2015 3:06:49 PM.
     1>Project "E:\OpenglPorject15-8-2015\MyProject\ZeroEngine\NthEngine\NthEngine.vcxproj" on node 2 (Build target(s)).
     1>ClCompile:
         E:\Program Files (x86)\Microsoft Visual Studio 12.0\VC\bin\CL.exe /c /ZI /nologo /W3 /WX- /sdl /Od /Oy- /D WIN32 /D _DEBUG /D _LIB /Gm /EHsc /RTC1 /MDd /GS /fp:precise /Zc:wchar_t /Zc:forScope /Fo"Debug\\" /Fd"Debug\vc120.pdb" /Gd /TP /analyze- /errorReport:prompt Camera2D.cpp
         Camera2D.cpp
       Lib:
         E:\Program Files (x86)\Microsoft Visual Studio 12.0\VC\bin\Lib.exe /OUT:"E:\OpenglPorject15-8-2015\MyProject\ZeroEngine\Debug\NthEngine.lib" SDL2.lib SDL2main.lib opengl32.lib glew32.lib SOIL.lib /NOLOGO Debug\Camera2D.obj
         Debug\Error.obj
         Debug\GLSLprogram.obj
         Debug\ImageLoader.obj
         Debug\IOManager.obj
         Debug\NEngine.obj
         Debug\picopng.obj
         Debug\ResourceManager.obj
         Debug\Sprite.obj
         Debug\TextureCache.obj
         Debug\Window.obj
     1>opengl32.lib(OPENGL32.dll) : warning LNK4006: __NULL_IMPORT_DESCRIPTOR already defined in SDL2.lib(SDL2.dll); second definition ignored
     1>opengl32.lib(OPENGL32.dll) : warning LNK4221: This object file does not define any previously undefined public symbols, so it will not be used by any link operation that consumes this library
     1>glew32.lib(glew32.dll) : warning LNK4006: __NULL_IMPORT_DESCRIPTOR already defined in SDL2.lib(SDL2.dll); second definition ignored
     1>glew32.lib(glew32.dll) : warning LNK4221: This object file does not define any previously undefined public symbols, so it will not be used by any link operation that consumes this library
         NthEngine.vcxproj -> E:\OpenglPorject15-8-2015\MyProject\ZeroEngine\Debug\NthEngine.lib
     1>Done Building Project "E:\OpenglPorject15-8-2015\MyProject\ZeroEngine\NthEngine\NthEngine.vcxproj" (Build target(s)).

Build succeeded.

Time Elapsed 00:00:01.16
