e:\openglporject15-8-2015\myproject\zeroengine\nthengine\debug\vc120.pdb
e:\openglporject15-8-2015\myproject\zeroengine\nthengine\debug\vc120.idb
e:\openglporject15-8-2015\myproject\zeroengine\nthengine\debug\error.obj
e:\openglporject15-8-2015\myproject\zeroengine\nthengine\debug\glslprogram.obj
e:\openglporject15-8-2015\myproject\zeroengine\nthengine\debug\imageloader.obj
e:\openglporject15-8-2015\myproject\zeroengine\nthengine\debug\iomanager.obj
e:\openglporject15-8-2015\myproject\zeroengine\nthengine\debug\nengine.obj
e:\openglporject15-8-2015\myproject\zeroengine\nthengine\debug\picopng.obj
e:\openglporject15-8-2015\myproject\zeroengine\nthengine\debug\resourcemanager.obj
e:\openglporject15-8-2015\myproject\zeroengine\nthengine\debug\sprite.obj
e:\openglporject15-8-2015\myproject\zeroengine\nthengine\debug\texturecache.obj
e:\openglporject15-8-2015\myproject\zeroengine\nthengine\debug\window.obj
e:\openglporject15-8-2015\myproject\zeroengine\nthengine\debug\camera2d.obj
e:\openglporject15-8-2015\myproject\zeroengine\debug\nthengine.lib
e:\openglporject15-8-2015\myproject\zeroengine\nthengine\debug\nthengine.tlog\cl.command.1.tlog
e:\openglporject15-8-2015\myproject\zeroengine\nthengine\debug\nthengine.tlog\cl.read.1.tlog
e:\openglporject15-8-2015\myproject\zeroengine\nthengine\debug\nthengine.tlog\cl.write.1.tlog
e:\openglporject15-8-2015\myproject\zeroengine\nthengine\debug\nthengine.tlog\lib-link.read.1.tlog
e:\openglporject15-8-2015\myproject\zeroengine\nthengine\debug\nthengine.tlog\lib-link.write.1.tlog
e:\openglporject15-8-2015\myproject\zeroengine\nthengine\debug\nthengine.tlog\lib.command.1.tlog
