e:\openglporject15-8-2015\myproject\zeroengine\zeroengine\debug\vc120.pdb
e:\openglporject15-8-2015\myproject\zeroengine\zeroengine\debug\vc120.idb
e:\openglporject15-8-2015\myproject\zeroengine\zeroengine\debug\main.obj
e:\openglporject15-8-2015\myproject\zeroengine\zeroengine\debug\maingame.obj
e:\openglporject15-8-2015\myproject\zeroengine\zeroengine\debug\sprite.obj
e:\openglporject15-8-2015\myproject\zeroengine\zeroengine\debug\glslprogram.obj
e:\openglporject15-8-2015\myproject\zeroengine\zeroengine\debug\iomanager.obj
e:\openglporject15-8-2015\myproject\zeroengine\zeroengine\debug\picopng.obj
e:\openglporject15-8-2015\myproject\zeroengine\zeroengine\debug\imageloader.obj
e:\openglporject15-8-2015\myproject\zeroengine\zeroengine\debug\texturecache.obj
e:\openglporject15-8-2015\myproject\zeroengine\zeroengine\debug\resourcemanager.obj
e:\openglporject15-8-2015\myproject\zeroengine\debug\zeroengine.ilk
e:\openglporject15-8-2015\myproject\zeroengine\debug\zeroengine.exe
e:\openglporject15-8-2015\myproject\zeroengine\debug\zeroengine.pdb
e:\openglporject15-8-2015\myproject\zeroengine\zeroengine\debug\error.obj
e:\openglporject15-8-2015\myproject\zeroengine\zeroengine\debug\zeroengine.tlog\cl.command.1.tlog
e:\openglporject15-8-2015\myproject\zeroengine\zeroengine\debug\zeroengine.tlog\cl.read.1.tlog
e:\openglporject15-8-2015\myproject\zeroengine\zeroengine\debug\zeroengine.tlog\cl.write.1.tlog
e:\openglporject15-8-2015\myproject\zeroengine\zeroengine\debug\zeroengine.tlog\link.command.1.tlog
e:\openglporject15-8-2015\myproject\zeroengine\zeroengine\debug\zeroengine.tlog\link.read.1.tlog
e:\openglporject15-8-2015\myproject\zeroengine\zeroengine\debug\zeroengine.tlog\link.write.1.tlog
